TN:
SF:/Users/saratchandra.b/Documents/Repositories/oss/react-identity/src/withAuthData.js
FN:4,withAuthData
FN:5,passAuthDataTo
FN:11,render
FNF:3
FNH:3
FNDA:13,withAuthData
FNDA:13,passAuthDataTo
FNDA:23,render
DA:1,1
DA:2,1
DA:4,1
DA:5,13
DA:12,23
DA:13,23
DA:19,1
LF:7
LH:7
BRF:0
BRH:0
end_of_record
TN:
SF:/Users/saratchandra.b/Documents/Repositories/oss/react-identity/src/AuthProvider.js
FN:5,AuthProvider
FN:16,(anonymous_10)
FN:20,componentDidMount
FN:25,getChildContext
FN:34,render
FNF:5
FNH:5
FNDA:13,AuthProvider
FNDA:3,(anonymous_10)
FNDA:13,componentDidMount
FNDA:29,getChildContext
FNDA:29,render
DA:1,1
DA:2,1
DA:4,1
DA:5,1
DA:7,13
DA:16,13
DA:17,3
DA:21,13
DA:22,13
DA:26,29
DA:27,29
DA:29,29
DA:35,29
DA:39,1
LF:14
LH:14
BRDA:22,17,0,13
BRDA:22,17,1,1
BRF:2
BRH:2
end_of_record
TN:
SF:/Users/saratchandra.b/Documents/Repositories/oss/react-identity/src/withUpdater.js
FN:4,withUpdater
FN:5,passUpdaterTo
FN:11,render
FNF:3
FNH:3
FNDA:7,withUpdater
FNDA:7,passUpdaterTo
FNDA:10,render
DA:1,1
DA:2,1
DA:4,1
DA:5,7
DA:12,10
DA:13,10
DA:19,1
LF:7
LH:7
BRF:0
BRH:0
end_of_record
TN:
SF:/Users/saratchandra.b/Documents/Repositories/oss/react-identity/src/withAuthorization.js
FN:4,withAuthorization
FN:5,applyAuthFor
FN:16,render
FNF:3
FNH:3
FNDA:5,withAuthorization
FNDA:5,applyAuthFor
FNDA:11,render
DA:1,1
DA:2,1
DA:4,5
DA:5,5
DA:17,11
DA:18,11
DA:21,11
DA:22,2
DA:25,9
DA:26,3
DA:29,6
DA:30,2
DA:33,4
DA:39,1
LF:14
LH:14
BRDA:4,16,0,2
BRDA:4,16,1,3
BRDA:4,17,0,5
BRDA:4,17,1,2
BRDA:21,19,0,2
BRDA:21,19,1,9
BRDA:21,20,0,11
BRDA:21,20,1,6
BRDA:25,21,0,3
BRDA:25,21,1,6
BRDA:25,22,0,9
BRDA:25,22,1,5
BRDA:29,23,0,2
BRDA:29,23,1,4
BRF:14
BRH:14
end_of_record
